Unity Editor version:    6000.3.9f1 (7a9955a4f2fa)
Branch:                  6000.3/staging
Build type:              Release
Batch mode:              YES
macOS version:           Version 26.5.1 (Build 25F80)
Darwin version:          25.5.0
Architecture:            arm64
Running under Rosetta:   NO
Available memory:        24576 MB
Date:                    2026-06-29T03:34:01Z
[Licensing::Module] Trying to connect to existing licensing client channel...
[Licensing::IpcConnector] Successfully connected to: "LicenseClient-edward" at "2026-06-29T03:34:01.612131Z"

COMMAND LINE ARGUMENTS:
/Applications/Unity/Hub/Editor/6000.3.9f1/Unity.app/Contents/MacOS/Unity
-adb2
-batchMode
-noUpm
-name
AssetImportWorker1
-projectPath
/Users/edward/Documents/Dragonboy/GameProject/DragonBoy250
-logFile
Logs/AssetImportWorker1.log
-srvPort
51907
-licensingIpc
LicenseClient-edward
-job-worker-count
5
-background-job-worker-count
8
-gc-helper-count
1
-name AssetImport
Successfully changed project path to: /Users/edward/Documents/Dragonboy/GameProject/DragonBoy250
/Users/edward/Documents/Dragonboy/GameProject/DragonBoy250
[UnityMemory] Configuration Parameters - Can be set up in boot.config
    "memorysetup-allocator-temp-initial-block-size-main=262144"
    "memorysetup-allocator-temp-initial-block-size-worker=262144"
    "memorysetup-temp-allocator-size-background-worker=32768"
    "memorysetup-temp-allocator-size-job-worker=262144"
    "memorysetup-temp-allocator-size-preload-manager=33554432"
    "memorysetup-temp-allocator-size-nav-mesh-worker=65536"
    "memorysetup-temp-allocator-size-audio-worker=65536"
    "memorysetup-temp-allocator-size-cloud-worker=32768"
    "memorysetup-bucket-allocator-granularity=16"
    "memorysetup-bucket-allocator-bucket-count=8"
    "memorysetup-bucket-allocator-block-size=33554432"
    "memorysetup-bucket-allocator-block-count=8"
    "memorysetup-main-allocator-block-size=16777216"
    "memorysetup-thread-allocator-block-size=16777216"
    "memorysetup-gfx-main-allocator-block-size=16777216"
    "memorysetup-gfx-thread-allocator-block-size=16777216"
    "memorysetup-cache-allocator-block-size=4194304"
    "memorysetup-typetree-allocator-block-size=2097152"
    "memorysetup-profiler-bucket-allocator-granularity=16"
    "memorysetup-profiler-bucket-allocator-bucket-count=8"
    "memorysetup-profiler-bucket-allocator-block-size=33554432"
    "memorysetup-profiler-bucket-allocator-block-count=8"
    "memorysetup-profiler-allocator-block-size=16777216"
    "memorysetup-profiler-editor-allocator-block-size=1048576"
    "memorysetup-temp-allocator-size-main=16777216"
    "memorysetup-job-temp-allocator-block-size=2097152"
    "memorysetup-job-temp-allocator-block-size-background=1048576"
    "memorysetup-job-temp-allocator-reduction-small-platforms=262144"
    "memorysetup-temp-allocator-size-gi-baking-worker=262144"
    "memorysetup-temp-allocator-size-gi-baking-worker=262144"
    "memorysetup-temp-allocator-size-gi-baking-worker=262144"
    "memorysetup-temp-allocator-size-gi-baking-worker=262144"
    "memorysetup-temp-allocator-size-gi-baking-worker=262144"
    "memorysetup-temp-allocator-size-gfx=262144"
Player connection [8401116800]  Target information:

Player connection [8401116800]  * "[IP] 172.16.16.140 [Port] 0 [Flags] 2 [Guid] 3660365143 [EditorId] 3660365143 [Version] 1048832 [Id] OSXEditor(0,Edwards-Macbook.local) [Debug] 1 [PackageName] OSXEditor [ProjectName] Editor" 

Player connection [8401116800] Host joined multi-casting on [225.0.0.222:54997]...
Player connection [8401116800] Host joined alternative multi-casting on [225.0.0.222:34997]...
JobSystem: Creating JobQueue using job-worker-count value 5
Input System module state changed to: Initialized.
[Physics::Module] Initialized fallback backend.
[Physics::Module] Id: 0xdecafbad
Library Redirect Path: Library/
[Physics::Module] Selected backend.
[Physics::Module] Name: PhysX
[Physics::Module] Id: 0xf2b8ea05
[Physics::Module] SDK Version: 4.1.2
[Physics::Module] Integration Version: 1.0.0
[Physics::Module] Threading Mode: Multi-Threaded
Refreshing native plugins compatible for Editor in 1.89 ms, found 1 plugins.
Preloading 0 native plugins for Editor in 0.00 ms.
Initialize engine version: 6000.3.9f1 (7a9955a4f2fa)
[Subsystems] Discovering subsystems at path /Applications/Unity/Hub/Editor/6000.3.9f1/Unity.app/Contents/Resources/UnitySubsystems
[Subsystems] Discovering subsystems at path /Users/edward/Documents/Dragonboy/GameProject/DragonBoy250/Assets
GfxDevice: creating device client; kGfxThreadingModeNonThreaded
 preferred device: Apple M4 Pro (high power)
Metal devices available: 1
0: Apple M4 Pro (high power)
Using device Apple M4 Pro (high power)
Initializing Metal device caps: Apple M4 Pro
Mac GPU Family: 2
Apple GPU Family: 9
MSL Version: 3.0
Has Float MSAA: 1
Has Float Filtering: 1
ReadWrite Texture Tier: 2
Initialize mono
Mono path[0] = '/Applications/Unity/Hub/Editor/6000.3.9f1/Unity.app/Contents/Resources/Scripting/Managed'
Mono path[1] = '/Applications/Unity/Hub/Editor/6000.3.9f1/Unity.app/Contents/Resources/Scripting/MonoBleedingEdge/lib/mono/unityjit-macos'
Mono config path = '/Applications/Unity/Hub/Editor/6000.3.9f1/Unity.app/Contents/Resources/Scripting/MonoBleedingEdge/etc'
Using monoOptions --debugger-agent=transport=dt_socket,embedding=1,server=y,suspend=n,address=127.0.0.1:56905
Begin MonoManager ReloadAssembly
Registering precompiled unity dll's ...
Register platform support module: /Applications/Unity/Hub/Editor/6000.3.9f1/Unity.app/Contents/PlaybackEngines/MacStandaloneSupport/UnityEditor.OSXStandalone.Extensions.dll
Register platform support module: /Applications/Unity/Hub/Editor/6000.3.9f1/PlaybackEngines/WindowsStandaloneSupport/UnityEditor.WindowsStandalone.Extensions.dll
Registered in 0.000788 seconds.
- Loaded All Assemblies, in  0.258 seconds
Native extension for WindowsStandalone target not found
Native extension for OSXStandalone target not found
[Licensing::Client] Handshaking with LicensingClient:
  Version:                 1.17.4+4293ba1
  Session Id:              26b7ea16765241269fb3a3fb36925928
  Correlation Id:          0ad3ac88829f52a603a652625185c6f8
  External correlation Id: 5227578404720158408
  Machine Id:              yIE4RbQYbjLIjY5shNb/cTMrLhM=
[Licensing::Module] Successfully connected to LicensingClient on channel: "LicenseClient-edward" (connect: 0.00s, validation: 0.02s, handshake: 0.85s)
[Licensing::IpcConnector] Successfully connected to: "LicenseClient-edward-notifications" at "2026-06-29T03:34:02.48049Z"
[Licensing::Module] Licensing Background thread has ended after 0.87s
ScheduleIndexationOnStartup MainProcess:False IndexOnStartup:True
Mono: successfully reloaded assembly
- Finished resetting the current domain, in  0.308 seconds
Domain Reload Profiling: 566ms
	BeginReloadAssembly (89ms)
		ExecutionOrderSort (0ms)
		DisableScriptedObjects (0ms)
		BackupInstance (0ms)
		ReleaseScriptingObjects (0ms)
		CreateAndSetChildDomain (0ms)
	RebuildCommonClasses (22ms)
	RebuildNativeTypeToScriptingClass (8ms)
	initialDomainReloadingComplete (32ms)
	LoadAllAssembliesAndSetupDomain (107ms)
		LoadAssemblies (89ms)
		RebuildTransferFunctionScriptingTraits (0ms)
		AnalyzeDomain (105ms)
			TypeCache.Refresh (103ms)
				TypeCache.ScanAssembly (92ms)
			BuildScriptInfoCaches (0ms)
			ResolveRequiredComponents (0ms)
	FinalizeReload (308ms)
		ReleaseScriptCaches (0ms)
		RebuildScriptCaches (0ms)
		SetupLoadedEditorAssemblies (279ms)
			LogAssemblyErrors (0ms)
			InitializePlatformSupportModulesInManaged (25ms)
			SetLoadedEditorAssemblies (2ms)
			BeforeProcessingInitializeOnLoad (70ms)
			ProcessInitializeOnLoadAttributes (127ms)
			ProcessInitializeOnLoadMethodAttributes (55ms)
			AfterProcessingInitializeOnLoad (0ms)
			EditorAssembliesLoaded (0ms)
		ExecutionOrderSort2 (0ms)
		AwakeInstancesAfterBackupRestoration (0ms)
[CoreBusinessMetrics] Unexpected thread when updating session info.
========================================================================
Worker process is ready to serve import requests
Import Worker Mode flag is 0x00
Begin MonoManager ReloadAssembly
[Licensing::Client] Successfully resolved entitlement details
[Licensing::Module] License group:
  Id: F4-NDZZ-NJC2-WT4W-JJMD-XXXX
  Product: Unity Personal
  Type: ULF
  Expiration: 2026-08-05T04:33:46Z
[Licensing::Module] License group:
  Id: 18967508906532-UnityPersXXXX
  Product: Unity Personal
  Type: Assigned
  Expiration: Unlimited
Symbol file LoadedFromMemory is not a mono symbol file
- Loaded All Assemblies, in  0.386 seconds
Refreshing native plugins compatible for Editor in 0.57 ms, found 1 plugins.
Native extension for WindowsStandalone target not found
Native extension for OSXStandalone target not found
Refreshing native plugins compatible for Editor in 1.18 ms, found 1 plugins.
Package Manager log level set to [2]
[Package Manager] Failed to launch server process. Reason: Unity was launched with the -noUpm command-line argument
[Package Manager] Unable to send message (not connected to server process).
[Package Manager] Cannot connect to Unity Package Manager local server
ScheduleIndexationOnStartup MainProcess:False IndexOnStartup:True
Mono: successfully reloaded assembly
- Finished resetting the current domain, in  0.361 seconds
Domain Reload Profiling: 747ms
	BeginReloadAssembly (108ms)
		ExecutionOrderSort (0ms)
		DisableScriptedObjects (3ms)
		BackupInstance (0ms)
		ReleaseScriptingObjects (0ms)
		CreateAndSetChildDomain (52ms)
	RebuildCommonClasses (21ms)
	RebuildNativeTypeToScriptingClass (8ms)
	initialDomainReloadingComplete (10ms)
	LoadAllAssembliesAndSetupDomain (239ms)
		LoadAssemblies (195ms)
		RebuildTransferFunctionScriptingTraits (0ms)
		AnalyzeDomain (75ms)
			TypeCache.Refresh (61ms)
				TypeCache.ScanAssembly (49ms)
			BuildScriptInfoCaches (12ms)
			ResolveRequiredComponents (1ms)
	FinalizeReload (361ms)
		ReleaseScriptCaches (0ms)
		RebuildScriptCaches (0ms)
		SetupLoadedEditorAssemblies (301ms)
			LogAssemblyErrors (0ms)
			InitializePlatformSupportModulesInManaged (1ms)
			SetLoadedEditorAssemblies (3ms)
			BeforeProcessingInitializeOnLoad (88ms)
			ProcessInitializeOnLoadAttributes (181ms)
			ProcessInitializeOnLoadMethodAttributes (28ms)
			AfterProcessingInitializeOnLoad (1ms)
			EditorAssembliesLoaded (0ms)
		ExecutionOrderSort2 (0ms)
		AwakeInstancesAfterBackupRestoration (1ms)
Launching external process: /Applications/Unity/Hub/Editor/6000.3.9f1/Unity.app/Contents/Helpers/UnityShaderCompiler
Launched and connected shader compiler UnityShaderCompiler after 0.03 seconds
Refreshing native plugins compatible for Editor in 1.27 ms, found 1 plugins.
Preloading 0 native plugins for Editor in 0.00 ms.
Unloading 0 Unused Serialized files (Serialized files now loaded: 0)
Unloading 2877 unused Assets / (325.5 KB). Loaded Objects now: 3452.
Memory consumption went from 83.6 MB to 83.3 MB.
Total: 4.376166 ms (FindLiveObjects: 0.144958 ms CreateObjectMapping: 0.049833 ms MarkObjects: 3.687709 ms  DeleteObjects: 0.493083 ms)

========================================================================
Received Import Request.
  Time since last request: 5170.718151 seconds.
  path: Assets/Scripts/Assembly-CSharp/Mod/Xmap/Navigation/MapStepExecutor.cs
  artifactKey: Guid(d4ec9fc2dc0204abebbb4b70019cd53c) Importer(2089858483,b0f066a214c2f5e87bad3c948f4d605d)
Start importing Assets/Scripts/Assembly-CSharp/Mod/Xmap/Navigation/MapStepExecutor.cs using Guid(d4ec9fc2dc0204abebbb4b70019cd53c) Importer(2089858483,b0f066a214c2f5e87bad3c948f4d605d) (ScriptedImporter) -> (artifact id: '2a889b4591df14d133515997101ab6ea') in 0.0432935 seconds
Number of updated asset objects reloaded before import = 0Number of asset objects unloaded after import = 0

========================================================================
Received Import Request.
  Time since last request: 0.000109 seconds.
  path: Assets/Scripts/Assembly-CSharp/Mod/R
  artifactKey: Guid(f47bf88e751a5394b8ecd989bd2c28fc) Importer(2089858483,b0f066a214c2f5e87bad3c948f4d605d)
Start importing Assets/Scripts/Assembly-CSharp/Mod/R using Guid(f47bf88e751a5394b8ecd989bd2c28fc) Importer(2089858483,b0f066a214c2f5e87bad3c948f4d605d) (ScriptedImporter) -> (artifact id: '85362f30800b981c6c7f857abf40d62a') in 0.001680292 seconds
Number of updated asset objects reloaded before import = 0Number of asset objects unloaded after import = 1

========================================================================
Received Import Request.
  Time since last request: 0.000069 seconds.
  path: Assets/Resources/Controller/Xbox/Left_dark.png
  artifactKey: Guid(09dc50851e3505140a728e450e5e6c39) Importer(2089858483,b0f066a214c2f5e87bad3c948f4d605d)
Start importing Assets/Resources/Controller/Xbox/Left_dark.png using Guid(09dc50851e3505140a728e450e5e6c39) Importer(2089858483,b0f066a214c2f5e87bad3c948f4d605d) (ScriptedImporter) -> (artifact id: '370b19f9f7c63c5b16237474808e6a84') in 0.032644291 seconds
Number of updated asset objects reloaded before import = 0Number of asset objects unloaded after import = 1

========================================================================
Received Import Request.
  Time since last request: 0.000156 seconds.
  path: Assets/Scripts/Assembly-CSharp/Mod/Xmap/Core/XmapProgressMonitor.cs
  artifactKey: Guid(cf956010ebb6c440c98bec19bf4f4241) Importer(2089858483,b0f066a214c2f5e87bad3c948f4d605d)
Start importing Assets/Scripts/Assembly-CSharp/Mod/Xmap/Core/XmapProgressMonitor.cs using Guid(cf956010ebb6c440c98bec19bf4f4241) Importer(2089858483,b0f066a214c2f5e87bad3c948f4d605d) (ScriptedImporter) -> (artifact id: '29a8ba126490373a77e13dea13c2f913') in 0.001274166 seconds
Number of updated asset objects reloaded before import = 0Number of asset objects unloaded after import = 0

========================================================================
Received Import Request.
  Time since last request: 0.000100 seconds.
  path: Assets/Scripts/Assembly-CSharp/Mod/ModMenu/ModMenuItem.cs
  artifactKey: Guid(30ea5c4f1ea46244aa2755a73f0cb7a6) Importer(2089858483,b0f066a214c2f5e87bad3c948f4d605d)
Start importing Assets/Scripts/Assembly-CSharp/Mod/ModMenu/ModMenuItem.cs using Guid(30ea5c4f1ea46244aa2755a73f0cb7a6) Importer(2089858483,b0f066a214c2f5e87bad3c948f4d605d) (ScriptedImporter) -> (artifact id: '03aedb68e28ccfc56968527ceec1d24e') in 0.001100167 seconds
Number of updated asset objects reloaded before import = 0Number of asset objects unloaded after import = 0

========================================================================
Received Import Request.
  Time since last request: 0.000060 seconds.
  path: Assets/Scripts/Assembly-CSharp/Mod/Xmap/Services/MapLookupService.cs
  artifactKey: Guid(17f29f73ea9604f1185a989d675871b4) Importer(2089858483,b0f066a214c2f5e87bad3c948f4d605d)
Start importing Assets/Scripts/Assembly-CSharp/Mod/Xmap/Services/MapLookupService.cs using Guid(17f29f73ea9604f1185a989d675871b4) Importer(2089858483,b0f066a214c2f5e87bad3c948f4d605d) (ScriptedImporter) -> (artifact id: '75a1452722f5a3bc634d11a93c16dc3b') in 0.001311792 seconds
Number of updated asset objects reloaded before import = 0Number of asset objects unloaded after import = 0

========================================================================
Received Import Request.
  Time since last request: 0.000069 seconds.
  path: Assets/Scripts/Assembly-CSharp/Mod/Auto/AutoSellTrashItems.cs
  artifactKey: Guid(460ca2b7f9a791a418fe781c5762315e) Importer(2089858483,b0f066a214c2f5e87bad3c948f4d605d)
Start importing Assets/Scripts/Assembly-CSharp/Mod/Auto/AutoSellTrashItems.cs using Guid(460ca2b7f9a791a418fe781c5762315e) Importer(2089858483,b0f066a214c2f5e87bad3c948f4d605d) (ScriptedImporter) -> (artifact id: '531e433affecf44afce5d2eb79daf2c2') in 0.001597792 seconds
Number of updated asset objects reloaded before import = 0Number of asset objects unloaded after import = 0

========================================================================
Received Import Request.
  Time since last request: 0.000084 seconds.
  path: Assets/Scripts/Assembly-CSharp/Mod/Xmap/Navigation
  artifactKey: Guid(08e1d0ddaa57a46bd90d92e9546a1c02) Importer(2089858483,b0f066a214c2f5e87bad3c948f4d605d)
Start importing Assets/Scripts/Assembly-CSharp/Mod/Xmap/Navigation using Guid(08e1d0ddaa57a46bd90d92e9546a1c02) Importer(2089858483,b0f066a214c2f5e87bad3c948f4d605d) (ScriptedImporter) -> (artifact id: '3e57241232b9e3ab89dd7cd26e40710d') in 0.001203875 seconds
Number of updated asset objects reloaded before import = 0Number of asset objects unloaded after import = 1

========================================================================
Received Import Request.
  Time since last request: 0.000135 seconds.
  path: Assets/Resources/InGameAccountManager/img/addMultiple.png
  artifactKey: Guid(fd2110e814a68a84298f79beb4b989fd) Importer(2089858483,b0f066a214c2f5e87bad3c948f4d605d)
Start importing Assets/Resources/InGameAccountManager/img/addMultiple.png using Guid(fd2110e814a68a84298f79beb4b989fd) Importer(2089858483,b0f066a214c2f5e87bad3c948f4d605d) (ScriptedImporter) -> (artifact id: '822c55d529d0a53d10c504793f51f420') in 0.004679666 seconds
Number of updated asset objects reloaded before import = 0Number of asset objects unloaded after import = 1

========================================================================
Received Import Request.
  Time since last request: 0.000251 seconds.
  path: Assets/Scripts/Assembly-CSharp/Mod/Xmap/Services/CapsuleService.cs
  artifactKey: Guid(dad62be6e72264332a8a4738527ea0de) Importer(2089858483,b0f066a214c2f5e87bad3c948f4d605d)
Start importing Assets/Scripts/Assembly-CSharp/Mod/Xmap/Services/CapsuleService.cs using Guid(dad62be6e72264332a8a4738527ea0de) Importer(2089858483,b0f066a214c2f5e87bad3c948f4d605d) (ScriptedImporter) -> (artifact id: '6f71b85a57d46c4c580cf4b3fb426002') in 0.0013525 seconds
Number of updated asset objects reloaded before import = 0Number of asset objects unloaded after import = 0

========================================================================
Received Import Request.
  Time since last request: 0.000076 seconds.
  path: Assets/Scripts/Assembly-CSharp/Mod/ModHelper/CommandMod/BaseCommandAttribute.cs
  artifactKey: Guid(e89b4bf471931e9459b25f7b8618d3be) Importer(2089858483,b0f066a214c2f5e87bad3c948f4d605d)
Start importing Assets/Scripts/Assembly-CSharp/Mod/ModHelper/CommandMod/BaseCommandAttribute.cs using Guid(e89b4bf471931e9459b25f7b8618d3be) Importer(2089858483,b0f066a214c2f5e87bad3c948f4d605d) (ScriptedImporter) -> (artifact id: '8ed58756dda226d9c96830f272b012cd') in 0.0010775 seconds
Number of updated asset objects reloaded before import = 0Number of asset objects unloaded after import = 0

========================================================================
Received Import Request.
  Time since last request: 0.000054 seconds.
  path: Assets/Scripts/Assembly-CSharp/Mod/Xmap/Core/XmapRouteInitializer.cs
  artifactKey: Guid(7d9aba32aeddb460fb4f5126e01f8f1a) Importer(2089858483,b0f066a214c2f5e87bad3c948f4d605d)
Start importing Assets/Scripts/Assembly-CSharp/Mod/Xmap/Core/XmapRouteInitializer.cs using Guid(7d9aba32aeddb460fb4f5126e01f8f1a) Importer(2089858483,b0f066a214c2f5e87bad3c948f4d605d) (ScriptedImporter) -> (artifact id: 'b4b73d447a05471151dfc516c63a3aa1') in 0.001179792 seconds
Number of updated asset objects reloaded before import = 0Number of asset objects unloaded after import = 0

========================================================================
Received Import Request.
  Time since last request: 0.000075 seconds.
  path: Assets/Scripts/Assembly-CSharp/Mod/CSKB/FullBagAction/CskbFullBagActionContext.cs
  artifactKey: Guid(dbcecd96b51e7475bb06d55b0717f9da) Importer(2089858483,b0f066a214c2f5e87bad3c948f4d605d)
Start importing Assets/Scripts/Assembly-CSharp/Mod/CSKB/FullBagAction/CskbFullBagActionContext.cs using Guid(dbcecd96b51e7475bb06d55b0717f9da) Importer(2089858483,b0f066a214c2f5e87bad3c948f4d605d) (ScriptedImporter) -> (artifact id: '4a61a2a005504ad48c26f38c3ba86100') in 0.001309584 seconds
Number of updated asset objects reloaded before import = 0Number of asset objects unloaded after import = 0

========================================================================
Received Import Request.
  Time since last request: 0.000087 seconds.
  path: Assets/Scripts/Assembly-CSharp/ChatTextField.cs
  artifactKey: Guid(36a498cac1a22d49a11c4972107cc444) Importer(2089858483,b0f066a214c2f5e87bad3c948f4d605d)
Start importing Assets/Scripts/Assembly-CSharp/ChatTextField.cs using Guid(36a498cac1a22d49a11c4972107cc444) Importer(2089858483,b0f066a214c2f5e87bad3c948f4d605d) (ScriptedImporter) -> (artifact id: '09c3b50a033000d5b078dffdd621a5c0') in 0.001057208 seconds
Number of updated asset objects reloaded before import = 0Number of asset objects unloaded after import = 0

========================================================================
Received Import Request.
  Time since last request: 0.000066 seconds.
  path: Assets/Scripts/Assembly-CSharp/Mod/Graphics/HideGameUI.cs
  artifactKey: Guid(e8aa5f08cc6be39438002f3e41edd3a6) Importer(2089858483,b0f066a214c2f5e87bad3c948f4d605d)
Start importing Assets/Scripts/Assembly-CSharp/Mod/Graphics/HideGameUI.cs using Guid(e8aa5f08cc6be39438002f3e41edd3a6) Importer(2089858483,b0f066a214c2f5e87bad3c948f4d605d) (ScriptedImporter) -> (artifact id: '1d0bd54490a3f53340c927e22145a411') in 0.001325584 seconds
Number of updated asset objects reloaded before import = 0Number of asset objects unloaded after import = 0

========================================================================
Received Import Request.
  Time since last request: 0.000073 seconds.
  path: Assets/Scripts/Assembly-CSharp/Mod/ModHelper
  artifactKey: Guid(b76c3fa9944330c4897f0d2d1352df05) Importer(2089858483,b0f066a214c2f5e87bad3c948f4d605d)
Start importing Assets/Scripts/Assembly-CSharp/Mod/ModHelper using Guid(b76c3fa9944330c4897f0d2d1352df05) Importer(2089858483,b0f066a214c2f5e87bad3c948f4d605d) (ScriptedImporter) -> (artifact id: 'a530c705f2d7b2805681b9685b2af16e') in 0.001150667 seconds
Number of updated asset objects reloaded before import = 0Number of asset objects unloaded after import = 1

========================================================================
Received Import Request.
  Time since last request: 0.000062 seconds.
  path: Assets/Scripts/Assembly-CSharp/Mod/DeveloperFunctions
  artifactKey: Guid(7288e79c396067843b7219eb7a3cb99e) Importer(2089858483,b0f066a214c2f5e87bad3c948f4d605d)
Start importing Assets/Scripts/Assembly-CSharp/Mod/DeveloperFunctions using Guid(7288e79c396067843b7219eb7a3cb99e) Importer(2089858483,b0f066a214c2f5e87bad3c948f4d605d) (ScriptedImporter) -> (artifact id: '9f4b9438a4103ee99664c73336a728a9') in 0.000975791 seconds
Number of updated asset objects reloaded before import = 0Number of asset objects unloaded after import = 1

========================================================================
Received Import Request.
  Time since last request: 0.000070 seconds.
  path: Assets/Scripts/Assembly-CSharp/Mod/CharEffect
  artifactKey: Guid(9d5938a1400954d4ab3e5ce707744b0f) Importer(2089858483,b0f066a214c2f5e87bad3c948f4d605d)
Start importing Assets/Scripts/Assembly-CSharp/Mod/CharEffect using Guid(9d5938a1400954d4ab3e5ce707744b0f) Importer(2089858483,b0f066a214c2f5e87bad3c948f4d605d) (ScriptedImporter) -> (artifact id: '6718c8f745b3fb62d0614102cb202a61') in 0.000956083 seconds
Number of updated asset objects reloaded before import = 0Number of asset objects unloaded after import = 1

========================================================================
Received Import Request.
  Time since last request: 0.000146 seconds.
  path: Assets/Scripts/Assembly-CSharp/Mod/Graphics/ComboBox.cs
  artifactKey: Guid(151bd5f65fcaf8e4e83e32439035450d) Importer(2089858483,b0f066a214c2f5e87bad3c948f4d605d)
Start importing Assets/Scripts/Assembly-CSharp/Mod/Graphics/ComboBox.cs using Guid(151bd5f65fcaf8e4e83e32439035450d) Importer(2089858483,b0f066a214c2f5e87bad3c948f4d605d) (ScriptedImporter) -> (artifact id: 'ecd89694956b8b9830affe80fdd3b90a') in 0.001385125 seconds
Number of updated asset objects reloaded before import = 0Number of asset objects unloaded after import = 0

========================================================================
Received Import Request.
  Time since last request: 0.000117 seconds.
  path: Assets/Scripts/Assembly-CSharp/Mod/Xmap/Pathfinding/IPathFinder.cs
  artifactKey: Guid(d70ba4fe4f18d4b3fb05ec84422a5f0a) Importer(2089858483,b0f066a214c2f5e87bad3c948f4d605d)
Start importing Assets/Scripts/Assembly-CSharp/Mod/Xmap/Pathfinding/IPathFinder.cs using Guid(d70ba4fe4f18d4b3fb05ec84422a5f0a) Importer(2089858483,b0f066a214c2f5e87bad3c948f4d605d) (ScriptedImporter) -> (artifact id: '7ece957b428315d75abe891008b504a6') in 0.001286667 seconds
Number of updated asset objects reloaded before import = 0Number of asset objects unloaded after import = 0

========================================================================
Received Import Request.
  Time since last request: 0.000071 seconds.
  path: Assets/Scripts/Assembly-CSharp/Mob.cs
  artifactKey: Guid(e062ec6f121c38c811adb81b7918f505) Importer(2089858483,b0f066a214c2f5e87bad3c948f4d605d)
Start importing Assets/Scripts/Assembly-CSharp/Mob.cs using Guid(e062ec6f121c38c811adb81b7918f505) Importer(2089858483,b0f066a214c2f5e87bad3c948f4d605d) (ScriptedImporter) -> (artifact id: 'bed11d21775293d9587f9cfb42517ed9') in 0.001129042 seconds
Number of updated asset objects reloaded before import = 0Number of asset objects unloaded after import = 0

========================================================================
Received Import Request.
  Time since last request: 0.000055 seconds.
  path: Assets/Resources/Controller/Xbox/RT_dark.png
  artifactKey: Guid(8e35ce148fcfe6e49b717bc84ba2f876) Importer(2089858483,b0f066a214c2f5e87bad3c948f4d605d)
Start importing Assets/Resources/Controller/Xbox/RT_dark.png using Guid(8e35ce148fcfe6e49b717bc84ba2f876) Importer(2089858483,b0f066a214c2f5e87bad3c948f4d605d) (ScriptedImporter) -> (artifact id: '8ed8106cdf7aac757ea1d73cca21f159') in 0.003047125 seconds
Number of updated asset objects reloaded before import = 0Number of asset objects unloaded after import = 1

========================================================================
Received Import Request.
  Time since last request: 0.000053 seconds.
  path: Assets/Scripts/Assembly-CSharp/Mod/CustomPanel/CustomPanelMenu.cs
  artifactKey: Guid(be83f8434667b334bb9967ea5f90abd5) Importer(2089858483,b0f066a214c2f5e87bad3c948f4d605d)
Start importing Assets/Scripts/Assembly-CSharp/Mod/CustomPanel/CustomPanelMenu.cs using Guid(be83f8434667b334bb9967ea5f90abd5) Importer(2089858483,b0f066a214c2f5e87bad3c948f4d605d) (ScriptedImporter) -> (artifact id: '779510108778b2ae8ec3b43e1599f670') in 0.001308125 seconds
Number of updated asset objects reloaded before import = 0Number of asset objects unloaded after import = 0

========================================================================
Received Import Request.
  Time since last request: 0.000146 seconds.
  path: Assets/Scripts/Assembly-CSharp/Mod/CSKB/CskbConstants.cs
  artifactKey: Guid(e221abda3aad94afd9e270d9ca4ba5fc) Importer(2089858483,b0f066a214c2f5e87bad3c948f4d605d)
Start importing Assets/Scripts/Assembly-CSharp/Mod/CSKB/CskbConstants.cs using Guid(e221abda3aad94afd9e270d9ca4ba5fc) Importer(2089858483,b0f066a214c2f5e87bad3c948f4d605d) (ScriptedImporter) -> (artifact id: '252a09e3f3162a8eb1d045c918efbaed') in 0.002795084 seconds
Number of updated asset objects reloaded before import = 0Number of asset objects unloaded after import = 0

========================================================================
Received Import Request.
  Time since last request: 0.000034 seconds.
  path: Assets/NROL/LightingData.asset
  artifactKey: Guid(de995d3c12f1cd14a928f90b5448aafc) Importer(2089858483,b0f066a214c2f5e87bad3c948f4d605d)
Start importing Assets/NROL/LightingData.asset using Guid(de995d3c12f1cd14a928f90b5448aafc) Importer(2089858483,b0f066a214c2f5e87bad3c948f4d605d) (ScriptedImporter)Lighting data asset ‘LightingData’ is incompatible with the current Unity version because the scene it was baked for was not serialized. Please use Generate Lighting to rebuild the lighting data, or assign the target scene to the Lighting Data Asset in the inspector.
UnityEngine.Debug:ExtractStackTraceNoAlloc (byte*,int,string)
UnityEngine.StackTraceUtility:ExtractStackTrace () (at /Users/bokken/build/output/unity/unity/Runtime/Export/Scripting/StackTrace.cs:35)
UnityEditor.AssetDatabase:LoadMainAssetAtPath (string)
UnityEditor.Search.AssetIndexer:IndexProperties (int&,string&,bool&) (at /Users/bokken/build/output/unity/unity/Modules/QuickSearch/Editor/Indexing/AssetIndexer.cs:292)
UnityEditor.Search.AssetIndexer:IndexDocument (string,bool) (at /Users/bokken/build/output/unity/unity/Modules/QuickSearch/Editor/Indexing/AssetIndexer.cs:199)
UnityEditor.Search.SearchIndexArtifactImporter:OnImportAsset (UnityEditor.AssetImporters.AssetImportContext) (at /Users/bokken/build/output/unity/unity/Modules/QuickSearch/Editor/Indexing/SearchIndexArtifactImporter.cs:42)
UnityEditor.AssetImporters.ScriptedImporter:GenerateAssetData (UnityEditor.AssetImporters.AssetImportContext) (at /Users/bokken/build/output/unity/unity/Modules/AssetPipelineEditor/Public/ScriptedImporter.cs:25)

[/Users/bokken/build/output/unity/unity/Modules/QuickSearch/Editor/Indexing/AssetIndexer.cs line 292]

 -> (artifact id: '4c42b81c3a857d850ceb3fbbbf0e59f7') in 0.003481125 seconds
Number of updated asset objects reloaded before import = 0Number of asset objects unloaded after import = 1

========================================================================
Received Import Request.
  Time since last request: 0.000119 seconds.
  path: Assets/Scripts/Assembly-CSharp/Mod/CustomPanel
  artifactKey: Guid(74268fdd5d93a3743a8cab77ce754172) Importer(2089858483,b0f066a214c2f5e87bad3c948f4d605d)
Start importing Assets/Scripts/Assembly-CSharp/Mod/CustomPanel using Guid(74268fdd5d93a3743a8cab77ce754172) Importer(2089858483,b0f066a214c2f5e87bad3c948f4d605d) (ScriptedImporter) -> (artifact id: 'b6b2cc51fdef293ee257654ad6d9f51c') in 0.001668959 seconds
Number of updated asset objects reloaded before import = 0Number of asset objects unloaded after import = 1

========================================================================
Received Import Request.
  Time since last request: 0.000105 seconds.
  path: Assets/Scripts/Assembly-CSharp/Mod/R/LocalizedString.cs
  artifactKey: Guid(adf22c4acb7e9af46bfe97aefe3550d4) Importer(2089858483,b0f066a214c2f5e87bad3c948f4d605d)
Start importing Assets/Scripts/Assembly-CSharp/Mod/R/LocalizedString.cs using Guid(adf22c4acb7e9af46bfe97aefe3550d4) Importer(2089858483,b0f066a214c2f5e87bad3c948f4d605d) (ScriptedImporter) -> (artifact id: 'b365d13079c28b68f4edc49652e6ccca') in 0.001181834 seconds
Number of updated asset objects reloaded before import = 0Number of asset objects unloaded after import = 0

========================================================================
Received Import Request.
  Time since last request: 0.000068 seconds.
  path: Assets/Resources/Controller/Xbox/RB_dark.png
  artifactKey: Guid(207d21dba731ff84096442fa3dbca536) Importer(2089858483,b0f066a214c2f5e87bad3c948f4d605d)
Start importing Assets/Resources/Controller/Xbox/RB_dark.png using Guid(207d21dba731ff84096442fa3dbca536) Importer(2089858483,b0f066a214c2f5e87bad3c948f4d605d) (ScriptedImporter) -> (artifact id: 'd45c7b316b0e33c90056c176361d1aab') in 0.00399775 seconds
Number of updated asset objects reloaded before import = 0Number of asset objects unloaded after import = 1

========================================================================
Received Import Request.
  Time since last request: 0.000056 seconds.
  path: Assets/Scripts/Assembly-CSharp/mGraphics.cs
  artifactKey: Guid(712f9c46ac2cb3a12edc1b0d3f3a7564) Importer(2089858483,b0f066a214c2f5e87bad3c948f4d605d)
Start importing Assets/Scripts/Assembly-CSharp/mGraphics.cs using Guid(712f9c46ac2cb3a12edc1b0d3f3a7564) Importer(2089858483,b0f066a214c2f5e87bad3c948f4d605d) (ScriptedImporter) -> (artifact id: 'cca0037cec894bf848e33910d83cdded') in 0.001210917 seconds
Number of updated asset objects reloaded before import = 0Number of asset objects unloaded after import = 0

========================================================================
Received Import Request.
  Time since last request: 0.000068 seconds.
  path: Assets/Scripts/Assembly-CSharp/Npc.cs
  artifactKey: Guid(3044702afc7080759418579450c42f50) Importer(2089858483,b0f066a214c2f5e87bad3c948f4d605d)
Start importing Assets/Scripts/Assembly-CSharp/Npc.cs using Guid(3044702afc7080759418579450c42f50) Importer(2089858483,b0f066a214c2f5e87bad3c948f4d605d) (ScriptedImporter) -> (artifact id: '695b1850583c9be3607f4ae27b29620c') in 0.001154959 seconds
Number of updated asset objects reloaded before import = 0Number of asset objects unloaded after import = 0

========================================================================
Received Import Request.
  Time since last request: 0.000082 seconds.
  path: Assets/Scripts/Assembly-CSharp/Mod/ModHelper/DelayedAction.cs
  artifactKey: Guid(7946fac7ea5941e588383241ad9be785) Importer(2089858483,b0f066a214c2f5e87bad3c948f4d605d)
Start importing Assets/Scripts/Assembly-CSharp/Mod/ModHelper/DelayedAction.cs using Guid(7946fac7ea5941e588383241ad9be785) Importer(2089858483,b0f066a214c2f5e87bad3c948f4d605d) (ScriptedImporter) -> (artifact id: '8e8669e08418b435c0c7c8cbe9956015') in 0.001056208 seconds
Number of updated asset objects reloaded before import = 0Number of asset objects unloaded after import = 0

========================================================================
Received Import Request.
  Time since last request: 0.000311 seconds.
  path: Assets/Resources/Controller/Xbox/Menu_dark.png
  artifactKey: Guid(6723554b187e8e54a801bd93afca6ca1) Importer(2089858483,b0f066a214c2f5e87bad3c948f4d605d)
Start importing Assets/Resources/Controller/Xbox/Menu_dark.png using Guid(6723554b187e8e54a801bd93afca6ca1) Importer(2089858483,b0f066a214c2f5e87bad3c948f4d605d) (ScriptedImporter) -> (artifact id: 'a196947f01786935193795941e5cb87c') in 0.003145584 seconds
Number of updated asset objects reloaded before import = 0Number of asset objects unloaded after import = 1

========================================================================
Received Import Request.
  Time since last request: 0.000068 seconds.
  path: Assets/Scripts/Assembly-CSharp/Mod/ModHelper/CommandMod/Chat/ChatCommand.cs
  artifactKey: Guid(e11398b28a4f7e14c9c9a02151ee1277) Importer(2089858483,b0f066a214c2f5e87bad3c948f4d605d)
Start importing Assets/Scripts/Assembly-CSharp/Mod/ModHelper/CommandMod/Chat/ChatCommand.cs using Guid(e11398b28a4f7e14c9c9a02151ee1277) Importer(2089858483,b0f066a214c2f5e87bad3c948f4d605d) (ScriptedImporter) -> (artifact id: '7b8c2c73ec61e2995611dca84673f53d') in 0.001203125 seconds
Number of updated asset objects reloaded before import = 0Number of asset objects unloaded after import = 0

========================================================================
Received Import Request.
  Time since last request: 0.000069 seconds.
  path: Assets/Scripts/Assembly-CSharp/Mod/Constants/CharGender.cs
  artifactKey: Guid(d28869a5eb898dc49a74a7f3acbbcb51) Importer(2089858483,b0f066a214c2f5e87bad3c948f4d605d)
Start importing Assets/Scripts/Assembly-CSharp/Mod/Constants/CharGender.cs using Guid(d28869a5eb898dc49a74a7f3acbbcb51) Importer(2089858483,b0f066a214c2f5e87bad3c948f4d605d) (ScriptedImporter) -> (artifact id: '3efeddc734d5bd9ac5224e1564f5b482') in 0.001506083 seconds
Number of updated asset objects reloaded before import = 0Number of asset objects unloaded after import = 0

========================================================================
Received Import Request.
  Time since last request: 0.000058 seconds.
  path: Assets/Scripts/Assembly-CSharp/Mod/Xmap
  artifactKey: Guid(ab194b5df86f4ff4bb912621303e9fd8) Importer(2089858483,b0f066a214c2f5e87bad3c948f4d605d)
Start importing Assets/Scripts/Assembly-CSharp/Mod/Xmap using Guid(ab194b5df86f4ff4bb912621303e9fd8) Importer(2089858483,b0f066a214c2f5e87bad3c948f4d605d) (ScriptedImporter) -> (artifact id: '81a123185c080d205790c3ae27c2f6ac') in 0.000969833 seconds
Number of updated asset objects reloaded before import = 0Number of asset objects unloaded after import = 1

========================================================================
Received Import Request.
  Time since last request: 0.000144 seconds.
  path: Assets/Scripts/Assembly-CSharp/Mod/CharEffect/CharEffectTime.cs
  artifactKey: Guid(1a201ef862a8658479072bf42e8af000) Importer(2089858483,b0f066a214c2f5e87bad3c948f4d605d)
Start importing Assets/Scripts/Assembly-CSharp/Mod/CharEffect/CharEffectTime.cs using Guid(1a201ef862a8658479072bf42e8af000) Importer(2089858483,b0f066a214c2f5e87bad3c948f4d605d) (ScriptedImporter) -> (artifact id: '1d63bfd6d0a0131189e4d54468790956') in 0.00272125 seconds
Number of updated asset objects reloaded before import = 0Number of asset objects unloaded after import = 0

========================================================================
Received Import Request.
  Time since last request: 0.000076 seconds.
  path: Assets/Scripts/Assembly-CSharp/Mod/AccountManager
  artifactKey: Guid(967508ce2d7546b4bbdf1a56eb33a5d7) Importer(2089858483,b0f066a214c2f5e87bad3c948f4d605d)
Start importing Assets/Scripts/Assembly-CSharp/Mod/AccountManager using Guid(967508ce2d7546b4bbdf1a56eb33a5d7) Importer(2089858483,b0f066a214c2f5e87bad3c948f4d605d) (ScriptedImporter) -> (artifact id: 'bcc2111040a0154b05dc23fb00084df5') in 0.002291666 seconds
Number of updated asset objects reloaded before import = 0Number of asset objects unloaded after import = 1

========================================================================
Received Import Request.
  Time since last request: 0.000145 seconds.
  path: Assets/Scripts/Assembly-CSharp/Mod/ModHelper/Menu/MenuItem.cs
  artifactKey: Guid(b065f83d47525a649be3a241d8bda8d2) Importer(2089858483,b0f066a214c2f5e87bad3c948f4d605d)
Start importing Assets/Scripts/Assembly-CSharp/Mod/ModHelper/Menu/MenuItem.cs using Guid(b065f83d47525a649be3a241d8bda8d2) Importer(2089858483,b0f066a214c2f5e87bad3c948f4d605d) (ScriptedImporter) -> (artifact id: '46e88cd0d3f3fb16f854d70bb839438e') in 0.001257875 seconds
Number of updated asset objects reloaded before import = 0Number of asset objects unloaded after import = 0

========================================================================
Received Import Request.
  Time since last request: 0.000067 seconds.
  path: Assets/Scripts/Assembly-CSharp/Mod/Constants/ItemTemplateType.cs
  artifactKey: Guid(d0b7b77a9dccf48489305e008f7db294) Importer(2089858483,b0f066a214c2f5e87bad3c948f4d605d)
Start importing Assets/Scripts/Assembly-CSharp/Mod/Constants/ItemTemplateType.cs using Guid(d0b7b77a9dccf48489305e008f7db294) Importer(2089858483,b0f066a214c2f5e87bad3c948f4d605d) (ScriptedImporter) -> (artifact id: '958a1fcc67cfb2924eee2952c570d9c9') in 0.001205417 seconds
Number of updated asset objects reloaded before import = 0Number of asset objects unloaded after import = 0

========================================================================
Received Import Request.
  Time since last request: 0.000051 seconds.
  path: Assets/Scripts/Assembly-CSharp/Mod/Auto/AutoLogin.cs
  artifactKey: Guid(19d5c97f8df519a4a9827781e0eb4180) Importer(2089858483,b0f066a214c2f5e87bad3c948f4d605d)
Start importing Assets/Scripts/Assembly-CSharp/Mod/Auto/AutoLogin.cs using Guid(19d5c97f8df519a4a9827781e0eb4180) Importer(2089858483,b0f066a214c2f5e87bad3c948f4d605d) (ScriptedImporter) -> (artifact id: '5fd66569f29702a7c93bd0f1c4cb47fe') in 0.001227542 seconds
Number of updated asset objects reloaded before import = 0Number of asset objects unloaded after import = 0

========================================================================
Received Import Request.
  Time since last request: 0.000077 seconds.
  path: Assets/Scripts/Assembly-CSharp/Mod/AccountManager/Server.cs
  artifactKey: Guid(caec45ff4093a00438e415d4ca05859f) Importer(2089858483,b0f066a214c2f5e87bad3c948f4d605d)
Start importing Assets/Scripts/Assembly-CSharp/Mod/AccountManager/Server.cs using Guid(caec45ff4093a00438e415d4ca05859f) Importer(2089858483,b0f066a214c2f5e87bad3c948f4d605d) (ScriptedImporter) -> (artifact id: 'e1437aa115789d4292636c79e710b24a') in 0.00190975 seconds
Number of updated asset objects reloaded before import = 0Number of asset objects unloaded after import = 0

========================================================================
Received Import Request.
  Time since last request: 0.000120 seconds.
  path: Assets/Resources/InGameAccountManager/img/earthOverlay.png
  artifactKey: Guid(278bc046c44418644addef67663af176) Importer(2089858483,b0f066a214c2f5e87bad3c948f4d605d)
Start importing Assets/Resources/InGameAccountManager/img/earthOverlay.png using Guid(278bc046c44418644addef67663af176) Importer(2089858483,b0f066a214c2f5e87bad3c948f4d605d) (ScriptedImporter) -> (artifact id: '2eb5d4b97071fb3af4f06f25756dd83c') in 0.003764334 seconds
Number of updated asset objects reloaded before import = 0Number of asset objects unloaded after import = 1

========================================================================
Received Import Request.
  Time since last request: 0.000133 seconds.
  path: Assets/Scripts/Assembly-CSharp/Mod/Xmap/XmapController.cs
  artifactKey: Guid(cf1e20a3f1560084ab249c556a545045) Importer(2089858483,b0f066a214c2f5e87bad3c948f4d605d)
Start importing Assets/Scripts/Assembly-CSharp/Mod/Xmap/XmapController.cs using Guid(cf1e20a3f1560084ab249c556a545045) Importer(2089858483,b0f066a214c2f5e87bad3c948f4d605d) (ScriptedImporter) -> (artifact id: '9a8176bfbf763b03eab8c635a4ac24c0') in 0.001253208 seconds
Number of updated asset objects reloaded before import = 0Number of asset objects unloaded after import = 0

========================================================================
Received Import Request.
  Time since last request: 0.000079 seconds.
  path: Assets/Scripts/Assembly-CSharp/GameScr.cs
  artifactKey: Guid(29f6b585777ddbf548affd4af7123d8c) Importer(2089858483,b0f066a214c2f5e87bad3c948f4d605d)
Start importing Assets/Scripts/Assembly-CSharp/GameScr.cs using Guid(29f6b585777ddbf548affd4af7123d8c) Importer(2089858483,b0f066a214c2f5e87bad3c948f4d605d) (ScriptedImporter) -> (artifact id: 'eda55da13fb623ec99ae3fc77c908e88') in 0.001148291 seconds
Number of updated asset objects reloaded before import = 0Number of asset objects unloaded after import = 0

========================================================================
Received Import Request.
  Time since last request: 0.000217 seconds.
  path: Assets/Scripts/Assembly-CSharp/Mod/DeveloperFunctions/GameData.cs
  artifactKey: Guid(9d1b91bb5720a184c86e246e76fa9c9c) Importer(2089858483,b0f066a214c2f5e87bad3c948f4d605d)
Start importing Assets/Scripts/Assembly-CSharp/Mod/DeveloperFunctions/GameData.cs using Guid(9d1b91bb5720a184c86e246e76fa9c9c) Importer(2089858483,b0f066a214c2f5e87bad3c948f4d605d) (ScriptedImporter) -> (artifact id: 'c0bbd435bbff013dd9aa83304cc785ad') in 0.001189958 seconds
Number of updated asset objects reloaded before import = 0Number of asset objects unloaded after import = 0

========================================================================
Received Import Request.
  Time since last request: 0.178526 seconds.
  path: Assets/Scripts/Assembly-CSharp/Mod/ModHelper/CommandMod/Hotkey/HotkeyCommandHandler.cs
  artifactKey: Guid(6c0daabcf0282f841bf93863aeb82766) Importer(2089858483,b0f066a214c2f5e87bad3c948f4d605d)
Start importing Assets/Scripts/Assembly-CSharp/Mod/ModHelper/CommandMod/Hotkey/HotkeyCommandHandler.cs using Guid(6c0daabcf0282f841bf93863aeb82766) Importer(2089858483,b0f066a214c2f5e87bad3c948f4d605d) (ScriptedImporter) -> (artifact id: '58b76b054a81d95535d9609c547cdb7d') in 0.001667084 seconds
Number of updated asset objects reloaded before import = 0Number of asset objects unloaded after import = 0

========================================================================
Received Import Request.
  Time since last request: 0.000191 seconds.
  path: Assets/MobileDependencyResolver/Editor/1.2.185/Google.VersionHandlerImpl.dll
  artifactKey: Guid(e2831157d94e4d15998dcb6ad1418057) Importer(2089858483,b0f066a214c2f5e87bad3c948f4d605d)
Start importing Assets/MobileDependencyResolver/Editor/1.2.185/Google.VersionHandlerImpl.dll using Guid(e2831157d94e4d15998dcb6ad1418057) Importer(2089858483,b0f066a214c2f5e87bad3c948f4d605d) (ScriptedImporter) -> (artifact id: 'f944884758e232925dbdd680b4cfdec2') in 0.004764958 seconds
Number of updated asset objects reloaded before import = 0Number of asset objects unloaded after import = 0

========================================================================
Received Import Request.
  Time since last request: 0.000136 seconds.
  path: Assets/Scripts/Assembly-CSharp/Mod/Boss/Boss.Paint.cs
  artifactKey: Guid(28c14cab4c0449ba800e362d44093a0c) Importer(2089858483,b0f066a214c2f5e87bad3c948f4d605d)
Start importing Assets/Scripts/Assembly-CSharp/Mod/Boss/Boss.Paint.cs using Guid(28c14cab4c0449ba800e362d44093a0c) Importer(2089858483,b0f066a214c2f5e87bad3c948f4d605d) (ScriptedImporter) -> (artifact id: 'a364710bba0615220cdd588e625f97c9') in 0.001249042 seconds
Number of updated asset objects reloaded before import = 0Number of asset objects unloaded after import = 0

========================================================================
Received Import Request.
  Time since last request: 0.000275 seconds.
  path: Assets/Scripts/Assembly-CSharp/Mod/ModHelper/CommandMod/Chat/ChatCommandAttribute.cs
  artifactKey: Guid(463f6e447213cb143a0274ee4da4a3c8) Importer(2089858483,b0f066a214c2f5e87bad3c948f4d605d)
Start importing Assets/Scripts/Assembly-CSharp/Mod/ModHelper/CommandMod/Chat/ChatCommandAttribute.cs using Guid(463f6e447213cb143a0274ee4da4a3c8) Importer(2089858483,b0f066a214c2f5e87bad3c948f4d605d) (ScriptedImporter) -> (artifact id: '443c32b50c1991bc1bf53057b3869a2b') in 0.002062834 seconds
Number of updated asset objects reloaded before import = 0Number of asset objects unloaded after import = 0

========================================================================
Received Import Request.
  Time since last request: 0.000167 seconds.
  path: Assets/Scripts/Assembly-CSharp/Mod/Constants/SkillType.cs
  artifactKey: Guid(f980cf44ee7c2f2429dfdfe973c74904) Importer(2089858483,b0f066a214c2f5e87bad3c948f4d605d)
Start importing Assets/Scripts/Assembly-CSharp/Mod/Constants/SkillType.cs using Guid(f980cf44ee7c2f2429dfdfe973c74904) Importer(2089858483,b0f066a214c2f5e87bad3c948f4d605d) (ScriptedImporter) -> (artifact id: '17d3b05d739141d7accfc40ccf21b76b') in 0.0011795 seconds
Number of updated asset objects reloaded before import = 0Number of asset objects unloaded after import = 0

========================================================================
Received Import Request.
  Time since last request: 0.000135 seconds.
  path: Assets/Scripts/Assembly-CSharp/Mod/PickMob
  artifactKey: Guid(f83b6a221a4d1f24fa197bc8a544123f) Importer(2089858483,b0f066a214c2f5e87bad3c948f4d605d)
Start importing Assets/Scripts/Assembly-CSharp/Mod/PickMob using Guid(f83b6a221a4d1f24fa197bc8a544123f) Importer(2089858483,b0f066a214c2f5e87bad3c948f4d605d) (ScriptedImporter) -> (artifact id: 'a5ea72c980e2fd01e6e1c6f502e78e4a') in 0.001086333 seconds
Number of updated asset objects reloaded before import = 0Number of asset objects unloaded after import = 1

========================================================================
Received Import Request.
  Time since last request: 0.000095 seconds.
  path: Assets/Resources/Controller/Xbox/R_light.png
  artifactKey: Guid(5deebe5b4ca57034b9fd86c1878bb82c) Importer(2089858483,b0f066a214c2f5e87bad3c948f4d605d)
Start importing Assets/Resources/Controller/Xbox/R_light.png using Guid(5deebe5b4ca57034b9fd86c1878bb82c) Importer(2089858483,b0f066a214c2f5e87bad3c948f4d605d) (ScriptedImporter) -> (artifact id: '56e13849d330cfce88ea4e084abe7318') in 0.003125542 seconds
Number of updated asset objects reloaded before import = 0Number of asset objects unloaded after import = 1

========================================================================
Received Import Request.
  Time since last request: 0.000162 seconds.
  path: Assets/Scripts/Assembly-CSharp/Mod/Auto/AutoSkill.cs
  artifactKey: Guid(7624f98b92bee664794e50534316e465) Importer(2089858483,b0f066a214c2f5e87bad3c948f4d605d)
Start importing Assets/Scripts/Assembly-CSharp/Mod/Auto/AutoSkill.cs using Guid(7624f98b92bee664794e50534316e465) Importer(2089858483,b0f066a214c2f5e87bad3c948f4d605d) (ScriptedImporter) -> (artifact id: '14f42917a38ff05bd2b53fe55ee2acde') in 0.001110833 seconds
Number of updated asset objects reloaded before import = 0Number of asset objects unloaded after import = 0

========================================================================
Received Import Request.
  Time since last request: 0.000058 seconds.
  path: Assets/Scripts/Assembly-CSharp/Mod/Xmap/Services/XmapTiming.cs
  artifactKey: Guid(0df21b18f71a545f59241310f71bf799) Importer(2089858483,b0f066a214c2f5e87bad3c948f4d605d)
Start importing Assets/Scripts/Assembly-CSharp/Mod/Xmap/Services/XmapTiming.cs using Guid(0df21b18f71a545f59241310f71bf799) Importer(2089858483,b0f066a214c2f5e87bad3c948f4d605d) (ScriptedImporter) -> (artifact id: '936dd7d72f928cdf8a7b2a745adf98df') in 0.001041083 seconds
Number of updated asset objects reloaded before import = 0Number of asset objects unloaded after import = 0

========================================================================
Received Import Request.
  Time since last request: 0.000559 seconds.
  path: Assets/Scripts/Assembly-CSharp/Mod/ModScript.cs
  artifactKey: Guid(803d5d6397ef478bb5d4d470f1bf52b0) Importer(2089858483,b0f066a214c2f5e87bad3c948f4d605d)
Start importing Assets/Scripts/Assembly-CSharp/Mod/ModScript.cs using Guid(803d5d6397ef478bb5d4d470f1bf52b0) Importer(2089858483,b0f066a214c2f5e87bad3c948f4d605d) (ScriptedImporter) -> (artifact id: '5c8a8a131ef1beb57cc0ed7e49812d88') in 0.001031166 seconds
Number of updated asset objects reloaded before import = 0Number of asset objects unloaded after import = 0

========================================================================
Received Import Request.
  Time since last request: 0.000057 seconds.
  path: Assets/Scripts/Assembly-CSharp/Mod/Xmap/XmapContext.cs
  artifactKey: Guid(43f547cb504764f41b7f769edcd5a11e) Importer(2089858483,b0f066a214c2f5e87bad3c948f4d605d)
Start importing Assets/Scripts/Assembly-CSharp/Mod/Xmap/XmapContext.cs using Guid(43f547cb504764f41b7f769edcd5a11e) Importer(2089858483,b0f066a214c2f5e87bad3c948f4d605d) (ScriptedImporter) -> (artifact id: 'ed34f90d88e8232a36cb356e63d9cfa9') in 0.000856833 seconds
Number of updated asset objects reloaded before import = 0Number of asset objects unloaded after import = 0

========================================================================
Received Import Request.
  Time since last request: 0.000062 seconds.
  path: Assets/Scripts/Assembly-CSharp/Mod/SpaceshipSkip.cs
  artifactKey: Guid(8b738d9871e15504483bab1326039c4e) Importer(2089858483,b0f066a214c2f5e87bad3c948f4d605d)
Start importing Assets/Scripts/Assembly-CSharp/Mod/SpaceshipSkip.cs using Guid(8b738d9871e15504483bab1326039c4e) Importer(2089858483,b0f066a214c2f5e87bad3c948f4d605d) (ScriptedImporter) -> (artifact id: 'd87642cf638bf2514811dd710e852c97') in 0.000835875 seconds
Number of updated asset objects reloaded before import = 0Number of asset objects unloaded after import = 0

========================================================================
Received Import Request.
  Time since last request: 0.000055 seconds.
  path: Assets/Resources/Controller/Xbox/A_dark.png
  artifactKey: Guid(0fe9fa7af4cbe534b985065da47ab781) Importer(2089858483,b0f066a214c2f5e87bad3c948f4d605d)
Start importing Assets/Resources/Controller/Xbox/A_dark.png using Guid(0fe9fa7af4cbe534b985065da47ab781) Importer(2089858483,b0f066a214c2f5e87bad3c948f4d605d) (ScriptedImporter) -> (artifact id: '01f348a06a5452a16ff0d3ece433ba0b') in 0.003244583 seconds
Number of updated asset objects reloaded before import = 0Number of asset objects unloaded after import = 1

========================================================================
Received Import Request.
  Time since last request: 0.000046 seconds.
  path: Assets/Scripts/Assembly-CSharp/Mod/ModHelper/UIReportersManager.cs
  artifactKey: Guid(9c04ad824d9b4701b4b4f1c301f904d0) Importer(2089858483,b0f066a214c2f5e87bad3c948f4d605d)
Start importing Assets/Scripts/Assembly-CSharp/Mod/ModHelper/UIReportersManager.cs using Guid(9c04ad824d9b4701b4b4f1c301f904d0) Importer(2089858483,b0f066a214c2f5e87bad3c948f4d605d) (ScriptedImporter) -> (artifact id: '87993f487be27327c7fb4ab66ddfccd8') in 0.001217167 seconds
Number of updated asset objects reloaded before import = 0Number of asset objects unloaded after import = 0

========================================================================
Received Import Request.
  Time since last request: 0.000052 seconds.
  path: Assets/Scripts/Assembly-CSharp/Mod/CSKB/FullBagAction/ICskbFullBagAction.cs
  artifactKey: Guid(1a5fb7fd04e9c4809a5f8373f152de10) Importer(2089858483,b0f066a214c2f5e87bad3c948f4d605d)
Start importing Assets/Scripts/Assembly-CSharp/Mod/CSKB/FullBagAction/ICskbFullBagAction.cs using Guid(1a5fb7fd04e9c4809a5f8373f152de10) Importer(2089858483,b0f066a214c2f5e87bad3c948f4d605d) (ScriptedImporter) -> (artifact id: 'b1cfeb3dcfae68a49ed44727b09fc052') in 0.001163792 seconds
Number of updated asset objects reloaded before import = 0Number of asset objects unloaded after import = 0

========================================================================
Received Import Request.
  Time since last request: 0.000077 seconds.
  path: Assets/Scripts/Assembly-CSharp/Mod/Graphics/UIImage.cs
  artifactKey: Guid(82f79cce09f2cfb4eba5adfc6465d2c2) Importer(2089858483,b0f066a214c2f5e87bad3c948f4d605d)
Start importing Assets/Scripts/Assembly-CSharp/Mod/Graphics/UIImage.cs using Guid(82f79cce09f2cfb4eba5adfc6465d2c2) Importer(2089858483,b0f066a214c2f5e87bad3c948f4d605d) (ScriptedImporter) -> (artifact id: 'b55e64e848feba34f7c3db1a98c7e5a4') in 0.001316875 seconds
Number of updated asset objects reloaded before import = 0Number of asset objects unloaded after import = 0

========================================================================
Received Import Request.
  Time since last request: 0.000181 seconds.
  path: Assets/Resources/InGameAccountManager/img/down.png
  artifactKey: Guid(7988d68046b729545a79ece1ed779474) Importer(2089858483,b0f066a214c2f5e87bad3c948f4d605d)
Start importing Assets/Resources/InGameAccountManager/img/down.png using Guid(7988d68046b729545a79ece1ed779474) Importer(2089858483,b0f066a214c2f5e87bad3c948f4d605d) (ScriptedImporter) -> (artifact id: '8dd427bb118fb4dd531c0fffd77252db') in 0.0034315 seconds
Number of updated asset objects reloaded before import = 0Number of asset objects unloaded after import = 1

========================================================================
Received Import Request.
  Time since last request: 0.000107 seconds.
  path: Assets/Scripts/Assembly-CSharp/Mod
  artifactKey: Guid(7c560a5d0b074b67b137a0974b891e10) Importer(2089858483,b0f066a214c2f5e87bad3c948f4d605d)
Start importing Assets/Scripts/Assembly-CSharp/Mod using Guid(7c560a5d0b074b67b137a0974b891e10) Importer(2089858483,b0f066a214c2f5e87bad3c948f4d605d) (ScriptedImporter) -> (artifact id: '3aa92d6f2b0ebff9149d4ba4b6354243') in 0.001023125 seconds
Number of updated asset objects reloaded before import = 0Number of asset objects unloaded after import = 1

========================================================================
Received Import Request.
  Time since last request: 0.000075 seconds.
  path: Assets/Scripts/Assembly-CSharp/Mod/CSKB/UpCSKB.cs
  artifactKey: Guid(9dbb5f5b63aa3412ba33a2999a8cd0f0) Importer(2089858483,b0f066a214c2f5e87bad3c948f4d605d)
Start importing Assets/Scripts/Assembly-CSharp/Mod/CSKB/UpCSKB.cs using Guid(9dbb5f5b63aa3412ba33a2999a8cd0f0) Importer(2089858483,b0f066a214c2f5e87bad3c948f4d605d) (ScriptedImporter) -> (artifact id: 'a6a5f36d770bba192c1e217c0d1e6569') in 0.001220125 seconds
Number of updated asset objects reloaded before import = 0Number of asset objects unloaded after import = 0

========================================================================
Received Import Request.
  Time since last request: 0.000112 seconds.
  path: Assets/Scripts/Assembly-CSharp/Mod/ListChar
  artifactKey: Guid(645595f5319641ae849d1d48d8c2a2d8) Importer(2089858483,b0f066a214c2f5e87bad3c948f4d605d)
Start importing Assets/Scripts/Assembly-CSharp/Mod/ListChar using Guid(645595f5319641ae849d1d48d8c2a2d8) Importer(2089858483,b0f066a214c2f5e87bad3c948f4d605d) (ScriptedImporter) -> (artifact id: '9611dd88ffa5b63ef79469d199817a89') in 0.002206709 seconds
Number of updated asset objects reloaded before import = 0Number of asset objects unloaded after import = 1

========================================================================
Received Import Request.
  Time since last request: 0.000049 seconds.
  path: Assets/Scripts/Assembly-CSharp/Mod/ModMenu/ModMenuItemFunctionConfig.cs
  artifactKey: Guid(bfffdc553507b2a4589b16150b9b98ea) Importer(2089858483,b0f066a214c2f5e87bad3c948f4d605d)
Start importing Assets/Scripts/Assembly-CSharp/Mod/ModMenu/ModMenuItemFunctionConfig.cs using Guid(bfffdc553507b2a4589b16150b9b98ea) Importer(2089858483,b0f066a214c2f5e87bad3c948f4d605d) (ScriptedImporter) -> (artifact id: 'cf3446a68aad4446c4f5ea3a2d61496e') in 0.001387542 seconds
Number of updated asset objects reloaded before import = 0Number of asset objects unloaded after import = 0

========================================================================
Received Import Request.
  Time since last request: 0.000099 seconds.
  path: Assets/Scripts/Assembly-CSharp/Mod/Constants
  artifactKey: Guid(e5ad67e6f3e908e46bf3f3fec62216d5) Importer(2089858483,b0f066a214c2f5e87bad3c948f4d605d)
Start importing Assets/Scripts/Assembly-CSharp/Mod/Constants using Guid(e5ad67e6f3e908e46bf3f3fec62216d5) Importer(2089858483,b0f066a214c2f5e87bad3c948f4d605d) (ScriptedImporter) -> (artifact id: 'b0a00f0c3804f63b319d655c5b6b566e') in 0.001124208 seconds
Number of updated asset objects reloaded before import = 0Number of asset objects unloaded after import = 1

========================================================================
Received Import Request.
  Time since last request: 0.000060 seconds.
  path: Assets/Scripts/Assembly-CSharp/Mod/ModHelper/Menu/MenuItemCollection.cs
  artifactKey: Guid(11d04702635b0154e8842d02dfbdbc95) Importer(2089858483,b0f066a214c2f5e87bad3c948f4d605d)
Start importing Assets/Scripts/Assembly-CSharp/Mod/ModHelper/Menu/MenuItemCollection.cs using Guid(11d04702635b0154e8842d02dfbdbc95) Importer(2089858483,b0f066a214c2f5e87bad3c948f4d605d) (ScriptedImporter) -> (artifact id: 'd316a66d236a1971c4da095aa0c45bc5') in 0.001191666 seconds
Number of updated asset objects reloaded before import = 0Number of asset objects unloaded after import = 0

========================================================================
Received Import Request.
  Time since last request: 0.000084 seconds.
  path: Assets/Scripts/Assembly-CSharp/Mod/Utils.cs
  artifactKey: Guid(fb71ffd58b8dfcd40bb10dc5fa8a7eaa) Importer(2089858483,b0f066a214c2f5e87bad3c948f4d605d)
Start importing Assets/Scripts/Assembly-CSharp/Mod/Utils.cs using Guid(fb71ffd58b8dfcd40bb10dc5fa8a7eaa) Importer(2089858483,b0f066a214c2f5e87bad3c948f4d605d) (ScriptedImporter) -> (artifact id: 'ac2c696200c8dccf3e109fdefebed1fd') in 0.001222125 seconds
Number of updated asset objects reloaded before import = 0Number of asset objects unloaded after import = 0

========================================================================
Received Import Request.
  Time since last request: 0.000069 seconds.
  path: Assets/Scripts/Assembly-CSharp/Mod/ModMenu/ModMenuItemFunction.cs
  artifactKey: Guid(ecf099be914fc7b4b89cb9b4f9398c0d) Importer(2089858483,b0f066a214c2f5e87bad3c948f4d605d)
Start importing Assets/Scripts/Assembly-CSharp/Mod/ModMenu/ModMenuItemFunction.cs using Guid(ecf099be914fc7b4b89cb9b4f9398c0d) Importer(2089858483,b0f066a214c2f5e87bad3c948f4d605d) (ScriptedImporter) -> (artifact id: '2cc37d3257749eedd49c60c4e00e562d') in 0.000968875 seconds
Number of updated asset objects reloaded before import = 0Number of asset objects unloaded after import = 0

========================================================================
Received Import Request.
  Time since last request: 0.000101 seconds.
  path: Assets/Scripts/Assembly-CSharp/Mod/ModHelper/CommandMod/Chat
  artifactKey: Guid(2db51dc26a547f6439098ed27cffd72b) Importer(2089858483,b0f066a214c2f5e87bad3c948f4d605d)
Start importing Assets/Scripts/Assembly-CSharp/Mod/ModHelper/CommandMod/Chat using Guid(2db51dc26a547f6439098ed27cffd72b) Importer(2089858483,b0f066a214c2f5e87bad3c948f4d605d) (ScriptedImporter) -> (artifact id: '636cd465f13cabd4320dcd3cf867c48c') in 0.001089125 seconds
Number of updated asset objects reloaded before import = 0Number of asset objects unloaded after import = 1

========================================================================
Received Import Request.
  Time since last request: 0.000080 seconds.
  path: Assets/Scripts/Assembly-CSharp/Mod/Xmap/Services
  artifactKey: Guid(7ce75e864ebeb46068e10bc4451fcb9b) Importer(2089858483,b0f066a214c2f5e87bad3c948f4d605d)
Start importing Assets/Scripts/Assembly-CSharp/Mod/Xmap/Services using Guid(7ce75e864ebeb46068e10bc4451fcb9b) Importer(2089858483,b0f066a214c2f5e87bad3c948f4d605d) (ScriptedImporter) -> (artifact id: '88ef8659f0be9008cda42624fd4596b2') in 0.000940125 seconds
Number of updated asset objects reloaded before import = 0Number of asset objects unloaded after import = 1

========================================================================
Received Import Request.
  Time since last request: 0.000080 seconds.
  path: Assets/Resources/Controller/Xbox/Digipad_up_dark.png
  artifactKey: Guid(819ea7bbc7f40cd4e9ba4a4868079842) Importer(2089858483,b0f066a214c2f5e87bad3c948f4d605d)
Start importing Assets/Resources/Controller/Xbox/Digipad_up_dark.png using Guid(819ea7bbc7f40cd4e9ba4a4868079842) Importer(2089858483,b0f066a214c2f5e87bad3c948f4d605d) (ScriptedImporter) -> (artifact id: 'c3a83d394b5a8cb0022207b2152c0ec6') in 0.003342084 seconds
Number of updated asset objects reloaded before import = 0Number of asset objects unloaded after import = 1

========================================================================
Received Import Request.
  Time since last request: 0.000150 seconds.
  path: Assets/Scripts/Assembly-CSharp/Mod/CSKB/FullBagAction/ActionOnFullBag.cs
  artifactKey: Guid(6edebf320722401ca15b64bba5d4e09f) Importer(2089858483,b0f066a214c2f5e87bad3c948f4d605d)
Start importing Assets/Scripts/Assembly-CSharp/Mod/CSKB/FullBagAction/ActionOnFullBag.cs using Guid(6edebf320722401ca15b64bba5d4e09f) Importer(2089858483,b0f066a214c2f5e87bad3c948f4d605d) (ScriptedImporter) -> (artifact id: 'a9c075ff5f01bc5a09f41c5262dc40d2') in 0.001107584 seconds
Number of updated asset objects reloaded before import = 0Number of asset objects unloaded after import = 0

========================================================================
Received Import Request.
  Time since last request: 0.000123 seconds.
  path: Assets/Scripts/Assembly-CSharp/Mod/CSKB/FullBagAction
  artifactKey: Guid(e5e27a424f304f69b16efd1be5223662) Importer(2089858483,b0f066a214c2f5e87bad3c948f4d605d)
Start importing Assets/Scripts/Assembly-CSharp/Mod/CSKB/FullBagAction using Guid(e5e27a424f304f69b16efd1be5223662) Importer(2089858483,b0f066a214c2f5e87bad3c948f4d605d) (ScriptedImporter) -> (artifact id: 'ad65e18c2c11f6ce53a755e9c156786f') in 0.000832333 seconds
Number of updated asset objects reloaded before import = 0Number of asset objects unloaded after import = 1

========================================================================
Received Import Request.
  Time since last request: 0.000054 seconds.
  path: Assets/Resources/InGameAccountManager/img/saiyanOverlay.png
  artifactKey: Guid(2c1813ed23824334faa1163c834037f4) Importer(2089858483,b0f066a214c2f5e87bad3c948f4d605d)
Start importing Assets/Resources/InGameAccountManager/img/saiyanOverlay.png using Guid(2c1813ed23824334faa1163c834037f4) Importer(2089858483,b0f066a214c2f5e87bad3c948f4d605d) (ScriptedImporter) -> (artifact id: 'a22f49a73f7c3230bd94fefee64c2d48') in 0.003788125 seconds
Number of updated asset objects reloaded before import = 0Number of asset objects unloaded after import = 1

========================================================================
Received Import Request.
  Time since last request: 0.000132 seconds.
  path: Assets/Scripts/Assembly-CSharp/Mod/ListChar/ListCharsInMap.cs
  artifactKey: Guid(11d5615235234134b61c8ac30d193680) Importer(2089858483,b0f066a214c2f5e87bad3c948f4d605d)
Start importing Assets/Scripts/Assembly-CSharp/Mod/ListChar/ListCharsInMap.cs using Guid(11d5615235234134b61c8ac30d193680) Importer(2089858483,b0f066a214c2f5e87bad3c948f4d605d) (ScriptedImporter) -> (artifact id: '0b099cbab029543ed67e5872d3583ed9') in 0.001205875 seconds
Number of updated asset objects reloaded before import = 0Number of asset objects unloaded after import = 0

========================================================================
Received Import Request.
  Time since last request: 0.000075 seconds.
  path: Assets/Scripts/Assembly-CSharp/Mod/ModHelper/Menu/OpenMenu.cs
  artifactKey: Guid(cd03f6e6ade7f044d94640561f0e20da) Importer(2089858483,b0f066a214c2f5e87bad3c948f4d605d)
Start importing Assets/Scripts/Assembly-CSharp/Mod/ModHelper/Menu/OpenMenu.cs using Guid(cd03f6e6ade7f044d94640561f0e20da) Importer(2089858483,b0f066a214c2f5e87bad3c948f4d605d) (ScriptedImporter) -> (artifact id: '372e685eec02057152fa27b16b98105b') in 0.000871125 seconds
Number of updated asset objects reloaded before import = 0Number of asset objects unloaded after import = 0

========================================================================
Received Import Request.
  Time since last request: 0.000068 seconds.
  path: Assets/Scripts/Assembly-CSharp/Mod/Graphics/GraphicsReducer.cs
  artifactKey: Guid(aca4a24032908814fb547bff76227674) Importer(2089858483,b0f066a214c2f5e87bad3c948f4d605d)
Start importing Assets/Scripts/Assembly-CSharp/Mod/Graphics/GraphicsReducer.cs using Guid(aca4a24032908814fb547bff76227674) Importer(2089858483,b0f066a214c2f5e87bad3c948f4d605d) (ScriptedImporter) -> (artifact id: '04b04752d8db276caa3f51845651abc3') in 0.001263666 seconds
Number of updated asset objects reloaded before import = 0Number of asset objects unloaded after import = 0

========================================================================
Received Import Request.
  Time since last request: 0.000063 seconds.
  path: Assets/Scripts/Assembly-CSharp/Mod/CSKB
  artifactKey: Guid(1b14afa4fa2943b09ddc4efc2739a3f1) Importer(2089858483,b0f066a214c2f5e87bad3c948f4d605d)
Start importing Assets/Scripts/Assembly-CSharp/Mod/CSKB using Guid(1b14afa4fa2943b09ddc4efc2739a3f1) Importer(2089858483,b0f066a214c2f5e87bad3c948f4d605d) (ScriptedImporter) -> (artifact id: '2f8a41345a3e39577df36fd0f71f78c0') in 0.000939667 seconds
Number of updated asset objects reloaded before import = 0Number of asset objects unloaded after import = 1

========================================================================
Received Import Request.
  Time since last request: 0.000075 seconds.
  path: Assets/Scripts/Assembly-CSharp/Mod/AccountManager/Anchor.cs
  artifactKey: Guid(90125c4dd7285ed42b65d7c5071ba8cc) Importer(2089858483,b0f066a214c2f5e87bad3c948f4d605d)
Start importing Assets/Scripts/Assembly-CSharp/Mod/AccountManager/Anchor.cs using Guid(90125c4dd7285ed42b65d7c5071ba8cc) Importer(2089858483,b0f066a214c2f5e87bad3c948f4d605d) (ScriptedImporter) -> (artifact id: '2fe106cb03e54a7a84bfc3b5a77c7176') in 0.001214584 seconds
Number of updated asset objects reloaded before import = 0Number of asset objects unloaded after import = 0

========================================================================
Received Import Request.
  Time since last request: 0.000066 seconds.
  path: Assets/Scripts/Assembly-CSharp/Mod/Xmap/Services/MapGraphService.cs
  artifactKey: Guid(26a57e9ceda944009b50f6e0cab2247b) Importer(2089858483,b0f066a214c2f5e87bad3c948f4d605d)
Start importing Assets/Scripts/Assembly-CSharp/Mod/Xmap/Services/MapGraphService.cs using Guid(26a57e9ceda944009b50f6e0cab2247b) Importer(2089858483,b0f066a214c2f5e87bad3c948f4d605d) (ScriptedImporter) -> (artifact id: 'db8004789318efb8f4fc5e1e5b277cf8') in 0.001360041 seconds
Number of updated asset objects reloaded before import = 0Number of asset objects unloaded after import = 0

========================================================================
Received Import Request.
  Time since last request: 0.000558 seconds.
  path: Assets/Scripts/Assembly-CSharp/Mod/R/Strings.cs
  artifactKey: Guid(b5bc4fc20eac69d4b998deeac16887d3) Importer(2089858483,b0f066a214c2f5e87bad3c948f4d605d)
Start importing Assets/Scripts/Assembly-CSharp/Mod/R/Strings.cs using Guid(b5bc4fc20eac69d4b998deeac16887d3) Importer(2089858483,b0f066a214c2f5e87bad3c948f4d605d) (ScriptedImporter) -> (artifact id: 'd0b80d8f98418f1cf1a5dbfd00b1ec92') in 0.000935708 seconds
Number of updated asset objects reloaded before import = 0Number of asset objects unloaded after import = 0

========================================================================
Received Import Request.
  Time since last request: 0.000123 seconds.
  path: Assets/Scripts/Assembly-CSharp/Mod/TeleportMenu/TeleportMenuMain.cs
  artifactKey: Guid(1c6412c727fb0034ba48955e59189886) Importer(2089858483,b0f066a214c2f5e87bad3c948f4d605d)
Start importing Assets/Scripts/Assembly-CSharp/Mod/TeleportMenu/TeleportMenuMain.cs using Guid(1c6412c727fb0034ba48955e59189886) Importer(2089858483,b0f066a214c2f5e87bad3c948f4d605d) (ScriptedImporter) -> (artifact id: 'e71d3ff63590cf1129dfea518841a4f4') in 0.001426459 seconds
Number of updated asset objects reloaded before import = 0Number of asset objects unloaded after import = 0

========================================================================
Received Import Request.
  Time since last request: 0.695853 seconds.
  path: Assets/MobileDependencyResolver/Editor/1.2.185/Google.PackageManagerResolver.dll
  artifactKey: Guid(bf27b3f704244da0af729a6737adb7f1) Importer(2089858483,b0f066a214c2f5e87bad3c948f4d605d)
Start importing Assets/MobileDependencyResolver/Editor/1.2.185/Google.PackageManagerResolver.dll using Guid(bf27b3f704244da0af729a6737adb7f1) Importer(2089858483,b0f066a214c2f5e87bad3c948f4d605d) (ScriptedImporter) -> (artifact id: '13c569954b97fd822ee25603908c7784') in 0.002810667 seconds
Number of updated asset objects reloaded before import = 0Number of asset objects unloaded after import = 0

========================================================================
Received Prepare
Begin MonoManager ReloadAssembly
Thread 0x16f747000 may have been prematurely finalized
Symbol file LoadedFromMemory is not a mono symbol file
- Loaded All Assemblies, in  0.312 seconds
Refreshing native plugins compatible for Editor in 0.76 ms, found 1 plugins.
Native extension for WindowsStandalone target not found
Native extension for OSXStandalone target not found
Refreshing native plugins compatible for Editor in 0.84 ms, found 1 plugins.
[Package Manager] Failed to launch server process. Reason: Unity was launched with the -noUpm command-line argument
[Package Manager] Unable to send message (not connected to server process).
[Package Manager] Cannot connect to Unity Package Manager local server
ScheduleIndexationOnStartup MainProcess:False IndexOnStartup:True
Mono: successfully reloaded assembly
- Finished resetting the current domain, in  0.340 seconds
Domain Reload Profiling: 652ms
	BeginReloadAssembly (82ms)
		ExecutionOrderSort (0ms)
		DisableScriptedObjects (3ms)
		BackupInstance (0ms)
		ReleaseScriptingObjects (0ms)
		CreateAndSetChildDomain (20ms)
	RebuildCommonClasses (19ms)
	RebuildNativeTypeToScriptingClass (7ms)
	initialDomainReloadingComplete (10ms)
	LoadAllAssembliesAndSetupDomain (194ms)
		LoadAssemblies (167ms)
		RebuildTransferFunctionScriptingTraits (0ms)
		AnalyzeDomain (59ms)
			TypeCache.Refresh (21ms)
				TypeCache.ScanAssembly (14ms)
			BuildScriptInfoCaches (35ms)
			ResolveRequiredComponents (1ms)
	FinalizeReload (340ms)
		ReleaseScriptCaches (0ms)
		RebuildScriptCaches (0ms)
		SetupLoadedEditorAssemblies (285ms)
			LogAssemblyErrors (0ms)
			InitializePlatformSupportModulesInManaged (1ms)
			SetLoadedEditorAssemblies (4ms)
			BeforeProcessingInitializeOnLoad (73ms)
			ProcessInitializeOnLoadAttributes (175ms)
			ProcessInitializeOnLoadMethodAttributes (31ms)
			AfterProcessingInitializeOnLoad (1ms)
			EditorAssembliesLoaded (0ms)
		ExecutionOrderSort2 (0ms)
		AwakeInstancesAfterBackupRestoration (2ms)
Refreshing native plugins compatible for Editor in 0.58 ms, found 1 plugins.
Preloading 0 native plugins for Editor in 0.00 ms.
Unloading 0 Unused Serialized files (Serialized files now loaded: 0)
Unloading 2875 unused Assets / (131.0 KB). Loaded Objects now: 3455.
Memory consumption went from 95.1 MB to 94.9 MB.
Total: 4.048542 ms (FindLiveObjects: 0.135166 ms CreateObjectMapping: 0.047125 ms MarkObjects: 3.575417 ms  DeleteObjects: 0.290417 ms)

Prepare: number of updated asset objects reloaded= 0
Editor requested this worker to shutdown with reason: Scaling down because of idle timeout
AssetImportWorker is now disconnected from the server
Process exiting
